
==========================================================================
detailed place report_tns
--------------------------------------------------------------------------
tns 0.00

==========================================================================
detailed place report_wns
--------------------------------------------------------------------------
wns 0.00

==========================================================================
detailed place report_worst_slack
--------------------------------------------------------------------------
worst slack 1.05

==========================================================================
detailed place report_checks -path_delay min
--------------------------------------------------------------------------
Startpoint: current_state[2]$_DFF_P_
            (rising edge-triggered flip-flop clocked by core_clock)
Endpoint: current_state[2]$_DFF_P_
          (rising edge-triggered flip-flop clocked by core_clock)
Path Group: core_clock
Path Type: min

Fanout     Cap    Slew   Delay    Time   Description
-----------------------------------------------------------------------------
                  0.00    0.00    0.00   clock core_clock (rise edge)
                          0.00    0.00   clock network delay (ideal)
                  0.00    0.00    0.00 ^ current_state[2]$_DFF_P_/CLK (sky130_fd_sc_hd__dfxtp_1)
     2    0.01    0.06    0.30    0.30 ^ current_state[2]$_DFF_P_/Q (sky130_fd_sc_hd__dfxtp_1)
                                         current_state[2] (net)
                  0.06    0.00    0.30 ^ _14_/B (sky130_fd_sc_hd__nor2_1)
     1    0.00    0.03    0.05    0.35 v _14_/Y (sky130_fd_sc_hd__nor2_1)
                                         _07_ (net)
                  0.03    0.00    0.35 v _15_/B (sky130_fd_sc_hd__nor2_1)
     1    0.00    0.07    0.07    0.42 ^ _15_/Y (sky130_fd_sc_hd__nor2_1)
                                         _01_ (net)
                  0.07    0.00    0.42 ^ current_state[2]$_DFF_P_/D (sky130_fd_sc_hd__dfxtp_1)
                                  0.42   data arrival time

                  0.00    0.00    0.00   clock core_clock (rise edge)
                          0.00    0.00   clock network delay (ideal)
                          0.00    0.00   clock reconvergence pessimism
                                  0.00 ^ current_state[2]$_DFF_P_/CLK (sky130_fd_sc_hd__dfxtp_1)
                         -0.04   -0.04   library hold time
                                 -0.04   data required time
-----------------------------------------------------------------------------
                                 -0.04   data required time
                                 -0.42   data arrival time
-----------------------------------------------------------------------------
                                  0.46   slack (MET)



==========================================================================
detailed place report_checks -path_delay max
--------------------------------------------------------------------------
Startpoint: reset_i (input port clocked by core_clock)
Endpoint: current_state[0]$_DFF_P_
          (rising edge-triggered flip-flop clocked by core_clock)
Path Group: core_clock
Path Type: max

Fanout     Cap    Slew   Delay    Time   Description
-----------------------------------------------------------------------------
                  0.00    0.00    0.00   clock core_clock (rise edge)
                          0.00    0.00   clock network delay (ideal)
                          0.40    0.40 ^ input external delay
     1    0.00    0.00    0.00    0.40 ^ reset_i (in)
                                         reset_i (net)
                  0.00    0.00    0.40 ^ input1/A (sky130_fd_sc_hd__clkbuf_1)
     3    0.01    0.13    0.12    0.52 ^ input1/X (sky130_fd_sc_hd__clkbuf_1)
                                         net1 (net)
                  0.13    0.00    0.52 ^ _10_/A_N (sky130_fd_sc_hd__nand2b_1)
     3    0.01    0.11    0.17    0.69 ^ _10_/Y (sky130_fd_sc_hd__nand2b_1)
                                         _06_ (net)
                  0.11    0.00    0.69 ^ _11_/B1_N (sky130_fd_sc_hd__a21boi_0)
     1    0.00    0.14    0.18    0.87 ^ _11_/Y (sky130_fd_sc_hd__a21boi_0)
                                         _03_ (net)
                  0.14    0.00    0.87 ^ current_state[0]$_DFF_P_/D (sky130_fd_sc_hd__dfxtp_1)
                                  0.87   data arrival time

                  0.00    2.00    2.00   clock core_clock (rise edge)
                          0.00    2.00   clock network delay (ideal)
                          0.00    2.00   clock reconvergence pessimism
                                  2.00 ^ current_state[0]$_DFF_P_/CLK (sky130_fd_sc_hd__dfxtp_1)
                         -0.08    1.92   library setup time
                                  1.92   data required time
-----------------------------------------------------------------------------
                                  1.92   data required time
                                 -0.87   data arrival time
-----------------------------------------------------------------------------
                                  1.05   slack (MET)



==========================================================================
detailed place report_checks -unconstrained
--------------------------------------------------------------------------
Startpoint: reset_i (input port clocked by core_clock)
Endpoint: current_state[0]$_DFF_P_
          (rising edge-triggered flip-flop clocked by core_clock)
Path Group: core_clock
Path Type: max

Fanout     Cap    Slew   Delay    Time   Description
-----------------------------------------------------------------------------
                  0.00    0.00    0.00   clock core_clock (rise edge)
                          0.00    0.00   clock network delay (ideal)
                          0.40    0.40 ^ input external delay
     1    0.00    0.00    0.00    0.40 ^ reset_i (in)
                                         reset_i (net)
                  0.00    0.00    0.40 ^ input1/A (sky130_fd_sc_hd__clkbuf_1)
     3    0.01    0.13    0.12    0.52 ^ input1/X (sky130_fd_sc_hd__clkbuf_1)
                                         net1 (net)
                  0.13    0.00    0.52 ^ _10_/A_N (sky130_fd_sc_hd__nand2b_1)
     3    0.01    0.11    0.17    0.69 ^ _10_/Y (sky130_fd_sc_hd__nand2b_1)
                                         _06_ (net)
                  0.11    0.00    0.69 ^ _11_/B1_N (sky130_fd_sc_hd__a21boi_0)
     1    0.00    0.14    0.18    0.87 ^ _11_/Y (sky130_fd_sc_hd__a21boi_0)
                                         _03_ (net)
                  0.14    0.00    0.87 ^ current_state[0]$_DFF_P_/D (sky130_fd_sc_hd__dfxtp_1)
                                  0.87   data arrival time

                  0.00    2.00    2.00   clock core_clock (rise edge)
                          0.00    2.00   clock network delay (ideal)
                          0.00    2.00   clock reconvergence pessimism
                                  2.00 ^ current_state[0]$_DFF_P_/CLK (sky130_fd_sc_hd__dfxtp_1)
                         -0.08    1.92   library setup time
                                  1.92   data required time
-----------------------------------------------------------------------------
                                  1.92   data required time
                                 -0.87   data arrival time
-----------------------------------------------------------------------------
                                  1.05   slack (MET)



==========================================================================
detailed place report_check_types -max_slew -max_cap -max_fanout -violators
--------------------------------------------------------------------------

==========================================================================
detailed place max_slew_check_slack
--------------------------------------------------------------------------
1.3446104526519775

==========================================================================
detailed place max_slew_check_limit
--------------------------------------------------------------------------
1.4866620302200317

==========================================================================
detailed place max_slew_check_slack_limit
--------------------------------------------------------------------------
0.9044

==========================================================================
detailed place max_fanout_check_slack
--------------------------------------------------------------------------
1.0000000150474662e+30

==========================================================================
detailed place max_fanout_check_limit
--------------------------------------------------------------------------
1.0000000150474662e+30

==========================================================================
detailed place max_capacitance_check_slack
--------------------------------------------------------------------------
0.045750003308057785

==========================================================================
detailed place max_capacitance_check_limit
--------------------------------------------------------------------------
0.04853300005197525

==========================================================================
detailed place max_capacitance_check_slack_limit
--------------------------------------------------------------------------
0.9427

==========================================================================
detailed place max_slew_violation_count
--------------------------------------------------------------------------
max slew violation count 0

==========================================================================
detailed place max_fanout_violation_count
--------------------------------------------------------------------------
max fanout violation count 0

==========================================================================
detailed place max_cap_violation_count
--------------------------------------------------------------------------
max cap violation count 0

==========================================================================
detailed place setup_violation_count
--------------------------------------------------------------------------
setup violation count 0

==========================================================================
detailed place hold_violation_count
--------------------------------------------------------------------------
hold violation count 0

==========================================================================
detailed place report_checks -path_delay max reg to reg
--------------------------------------------------------------------------
Startpoint: current_state[3]$_DFF_P_
            (rising edge-triggered flip-flop clocked by core_clock)
Endpoint: current_state[0]$_DFF_P_
          (rising edge-triggered flip-flop clocked by core_clock)
Path Group: core_clock
Path Type: max

  Delay    Time   Description
---------------------------------------------------------
   0.00    0.00   clock core_clock (rise edge)
   0.00    0.00   clock network delay (ideal)
   0.00    0.00 ^ current_state[3]$_DFF_P_/CLK (sky130_fd_sc_hd__dfxtp_1)
   0.29    0.29 v current_state[3]$_DFF_P_/Q (sky130_fd_sc_hd__dfxtp_1)
   0.12    0.41 ^ _08_/Y (sky130_fd_sc_hd__nor2_1)
   0.10    0.51 v _11_/Y (sky130_fd_sc_hd__a21boi_0)
   0.00    0.51 v current_state[0]$_DFF_P_/D (sky130_fd_sc_hd__dfxtp_1)
           0.51   data arrival time

   2.00    2.00   clock core_clock (rise edge)
   0.00    2.00   clock network delay (ideal)
   0.00    2.00   clock reconvergence pessimism
           2.00 ^ current_state[0]$_DFF_P_/CLK (sky130_fd_sc_hd__dfxtp_1)
  -0.13    1.87   library setup time
           1.87   data required time
---------------------------------------------------------
           1.87   data required time
          -0.51   data arrival time
---------------------------------------------------------
           1.36   slack (MET)



==========================================================================
detailed place report_checks -path_delay min reg to reg
--------------------------------------------------------------------------
Startpoint: current_state[2]$_DFF_P_
            (rising edge-triggered flip-flop clocked by core_clock)
Endpoint: current_state[2]$_DFF_P_
          (rising edge-triggered flip-flop clocked by core_clock)
Path Group: core_clock
Path Type: min

  Delay    Time   Description
---------------------------------------------------------
   0.00    0.00   clock core_clock (rise edge)
   0.00    0.00   clock network delay (ideal)
   0.00    0.00 ^ current_state[2]$_DFF_P_/CLK (sky130_fd_sc_hd__dfxtp_1)
   0.30    0.30 ^ current_state[2]$_DFF_P_/Q (sky130_fd_sc_hd__dfxtp_1)
   0.05    0.35 v _14_/Y (sky130_fd_sc_hd__nor2_1)
   0.07    0.42 ^ _15_/Y (sky130_fd_sc_hd__nor2_1)
   0.00    0.42 ^ current_state[2]$_DFF_P_/D (sky130_fd_sc_hd__dfxtp_1)
           0.42   data arrival time

   0.00    0.00   clock core_clock (rise edge)
   0.00    0.00   clock network delay (ideal)
   0.00    0.00   clock reconvergence pessimism
           0.00 ^ current_state[2]$_DFF_P_/CLK (sky130_fd_sc_hd__dfxtp_1)
  -0.04   -0.04   library hold time
          -0.04   data required time
---------------------------------------------------------
          -0.04   data required time
          -0.42   data arrival time
---------------------------------------------------------
           0.46   slack (MET)



==========================================================================
detailed place critical path target clock latency max path
--------------------------------------------------------------------------
0.0000

==========================================================================
detailed place critical path target clock latency min path
--------------------------------------------------------------------------
0.0000

==========================================================================
detailed place critical path source clock latency min path
--------------------------------------------------------------------------
0.0000

==========================================================================
detailed place critical path delay
--------------------------------------------------------------------------
0.8694

==========================================================================
detailed place critical path slack
--------------------------------------------------------------------------
1.0476

==========================================================================
detailed place slack div critical path delay
--------------------------------------------------------------------------
120.496894

==========================================================================
detailed place report_power
--------------------------------------------------------------------------
Group                  Internal  Switching    Leakage      Total
                          Power      Power      Power      Power (Watts)
----------------------------------------------------------------
Sequential             8.54e-05   1.30e-06   3.29e-11   8.67e-05  91.1%
Combinational          3.89e-06   4.59e-06   1.84e-11   8.48e-06   8.9%
Clock                  0.00e+00   0.00e+00   0.00e+00   0.00e+00   0.0%
Macro                  0.00e+00   0.00e+00   0.00e+00   0.00e+00   0.0%
Pad                    0.00e+00   0.00e+00   0.00e+00   0.00e+00   0.0%
----------------------------------------------------------------
Total                  8.93e-05   5.89e-06   5.13e-11   9.52e-05 100.0%
                          93.8%       6.2%       0.0%
