
==========================================================================
resizer report_tns
--------------------------------------------------------------------------
tns 0.00

==========================================================================
resizer report_wns
--------------------------------------------------------------------------
wns 0.00

==========================================================================
resizer report_worst_slack
--------------------------------------------------------------------------
worst slack 1.09

==========================================================================
resizer report_checks -path_delay min
--------------------------------------------------------------------------
Startpoint: current_state[2]$_DFF_P_
            (rising edge-triggered flip-flop clocked by core_clock)
Endpoint: current_state[2]$_DFF_P_
          (rising edge-triggered flip-flop clocked by core_clock)
Path Group: core_clock
Path Type: min

Fanout     Cap    Slew   Delay    Time   Description
-----------------------------------------------------------------------------
                  0.00    0.00    0.00   clock core_clock (rise edge)
                          0.00    0.00   clock network delay (ideal)
                  0.00    0.00    0.00 ^ current_state[2]$_DFF_P_/CLK (sky130_fd_sc_hd__dfxtp_1)
     2    0.00    0.06    0.29    0.29 ^ current_state[2]$_DFF_P_/Q (sky130_fd_sc_hd__dfxtp_1)
                                         current_state[2] (net)
                  0.06    0.00    0.29 ^ _14_/B (sky130_fd_sc_hd__nor2_1)
     1    0.00    0.02    0.04    0.33 v _14_/Y (sky130_fd_sc_hd__nor2_1)
                                         _07_ (net)
                  0.02    0.00    0.33 v _15_/B (sky130_fd_sc_hd__nor2_1)
     1    0.00    0.06    0.06    0.40 ^ _15_/Y (sky130_fd_sc_hd__nor2_1)
                                         _01_ (net)
                  0.06    0.00    0.40 ^ current_state[2]$_DFF_P_/D (sky130_fd_sc_hd__dfxtp_1)
                                  0.40   data arrival time

                  0.00    0.00    0.00   clock core_clock (rise edge)
                          0.00    0.00   clock network delay (ideal)
                          0.00    0.00   clock reconvergence pessimism
                                  0.00 ^ current_state[2]$_DFF_P_/CLK (sky130_fd_sc_hd__dfxtp_1)
                         -0.04   -0.04   library hold time
                                 -0.04   data required time
-----------------------------------------------------------------------------
                                 -0.04   data required time
                                 -0.40   data arrival time
-----------------------------------------------------------------------------
                                  0.44   slack (MET)



==========================================================================
resizer report_checks -path_delay max
--------------------------------------------------------------------------
Startpoint: reset_i (input port clocked by core_clock)
Endpoint: current_state[0]$_DFF_P_
          (rising edge-triggered flip-flop clocked by core_clock)
Path Group: core_clock
Path Type: max

Fanout     Cap    Slew   Delay    Time   Description
-----------------------------------------------------------------------------
                  0.00    0.00    0.00   clock core_clock (rise edge)
                          0.00    0.00   clock network delay (ideal)
                          0.40    0.40 v input external delay
     1    0.00    0.00    0.00    0.40 v reset_i (in)
                                         reset_i (net)
                  0.00    0.00    0.40 v input1/A (sky130_fd_sc_hd__clkbuf_1)
     3    0.01    0.06    0.10    0.50 v input1/X (sky130_fd_sc_hd__clkbuf_1)
                                         net1 (net)
                  0.06    0.00    0.50 v _10_/A_N (sky130_fd_sc_hd__nand2b_1)
     3    0.01    0.07    0.16    0.66 v _10_/Y (sky130_fd_sc_hd__nand2b_1)
                                         _06_ (net)
                  0.07    0.00    0.66 v _11_/B1_N (sky130_fd_sc_hd__a21boi_0)
     1    0.00    0.06    0.12    0.78 v _11_/Y (sky130_fd_sc_hd__a21boi_0)
                                         _03_ (net)
                  0.06    0.00    0.78 v current_state[0]$_DFF_P_/D (sky130_fd_sc_hd__dfxtp_1)
                                  0.78   data arrival time

                  0.00    2.00    2.00   clock core_clock (rise edge)
                          0.00    2.00   clock network delay (ideal)
                          0.00    2.00   clock reconvergence pessimism
                                  2.00 ^ current_state[0]$_DFF_P_/CLK (sky130_fd_sc_hd__dfxtp_1)
                         -0.13    1.87   library setup time
                                  1.87   data required time
-----------------------------------------------------------------------------
                                  1.87   data required time
                                 -0.78   data arrival time
-----------------------------------------------------------------------------
                                  1.09   slack (MET)



==========================================================================
resizer report_checks -unconstrained
--------------------------------------------------------------------------
Startpoint: reset_i (input port clocked by core_clock)
Endpoint: current_state[0]$_DFF_P_
          (rising edge-triggered flip-flop clocked by core_clock)
Path Group: core_clock
Path Type: max

Fanout     Cap    Slew   Delay    Time   Description
-----------------------------------------------------------------------------
                  0.00    0.00    0.00   clock core_clock (rise edge)
                          0.00    0.00   clock network delay (ideal)
                          0.40    0.40 v input external delay
     1    0.00    0.00    0.00    0.40 v reset_i (in)
                                         reset_i (net)
                  0.00    0.00    0.40 v input1/A (sky130_fd_sc_hd__clkbuf_1)
     3    0.01    0.06    0.10    0.50 v input1/X (sky130_fd_sc_hd__clkbuf_1)
                                         net1 (net)
                  0.06    0.00    0.50 v _10_/A_N (sky130_fd_sc_hd__nand2b_1)
     3    0.01    0.07    0.16    0.66 v _10_/Y (sky130_fd_sc_hd__nand2b_1)
                                         _06_ (net)
                  0.07    0.00    0.66 v _11_/B1_N (sky130_fd_sc_hd__a21boi_0)
     1    0.00    0.06    0.12    0.78 v _11_/Y (sky130_fd_sc_hd__a21boi_0)
                                         _03_ (net)
                  0.06    0.00    0.78 v current_state[0]$_DFF_P_/D (sky130_fd_sc_hd__dfxtp_1)
                                  0.78   data arrival time

                  0.00    2.00    2.00   clock core_clock (rise edge)
                          0.00    2.00   clock network delay (ideal)
                          0.00    2.00   clock reconvergence pessimism
                                  2.00 ^ current_state[0]$_DFF_P_/CLK (sky130_fd_sc_hd__dfxtp_1)
                         -0.13    1.87   library setup time
                                  1.87   data required time
-----------------------------------------------------------------------------
                                  1.87   data required time
                                 -0.78   data arrival time
-----------------------------------------------------------------------------
                                  1.09   slack (MET)



==========================================================================
resizer report_check_types -max_slew -max_cap -max_fanout -violators
--------------------------------------------------------------------------

==========================================================================
resizer max_slew_check_slack
--------------------------------------------------------------------------
1.3638273477554321

==========================================================================
resizer max_slew_check_limit
--------------------------------------------------------------------------
1.496762990951538

==========================================================================
resizer max_slew_check_slack_limit
--------------------------------------------------------------------------
0.9112

==========================================================================
resizer max_fanout_check_slack
--------------------------------------------------------------------------
1.0000000150474662e+30

==========================================================================
resizer max_fanout_check_limit
--------------------------------------------------------------------------
1.0000000150474662e+30

==========================================================================
resizer max_capacitance_check_slack
--------------------------------------------------------------------------
0.04673805832862854

==========================================================================
resizer max_capacitance_check_limit
--------------------------------------------------------------------------
0.04853300005197525

==========================================================================
resizer max_capacitance_check_slack_limit
--------------------------------------------------------------------------
0.9630

==========================================================================
resizer max_slew_violation_count
--------------------------------------------------------------------------
max slew violation count 0

==========================================================================
resizer max_fanout_violation_count
--------------------------------------------------------------------------
max fanout violation count 0

==========================================================================
resizer max_cap_violation_count
--------------------------------------------------------------------------
max cap violation count 0

==========================================================================
resizer setup_violation_count
--------------------------------------------------------------------------
setup violation count 0

==========================================================================
resizer hold_violation_count
--------------------------------------------------------------------------
hold violation count 0

==========================================================================
resizer report_checks -path_delay max reg to reg
--------------------------------------------------------------------------
Startpoint: current_state[3]$_DFF_P_
            (rising edge-triggered flip-flop clocked by core_clock)
Endpoint: current_state[0]$_DFF_P_
          (rising edge-triggered flip-flop clocked by core_clock)
Path Group: core_clock
Path Type: max

  Delay    Time   Description
---------------------------------------------------------
   0.00    0.00   clock core_clock (rise edge)
   0.00    0.00   clock network delay (ideal)
   0.00    0.00 ^ current_state[3]$_DFF_P_/CLK (sky130_fd_sc_hd__dfxtp_1)
   0.29    0.29 v current_state[3]$_DFF_P_/Q (sky130_fd_sc_hd__dfxtp_1)
   0.11    0.40 ^ _08_/Y (sky130_fd_sc_hd__nor2_1)
   0.09    0.49 v _11_/Y (sky130_fd_sc_hd__a21boi_0)
   0.00    0.49 v current_state[0]$_DFF_P_/D (sky130_fd_sc_hd__dfxtp_1)
           0.49   data arrival time

   2.00    2.00   clock core_clock (rise edge)
   0.00    2.00   clock network delay (ideal)
   0.00    2.00   clock reconvergence pessimism
           2.00 ^ current_state[0]$_DFF_P_/CLK (sky130_fd_sc_hd__dfxtp_1)
  -0.13    1.87   library setup time
           1.87   data required time
---------------------------------------------------------
           1.87   data required time
          -0.49   data arrival time
---------------------------------------------------------
           1.39   slack (MET)



==========================================================================
resizer report_checks -path_delay min reg to reg
--------------------------------------------------------------------------
Startpoint: current_state[2]$_DFF_P_
            (rising edge-triggered flip-flop clocked by core_clock)
Endpoint: current_state[2]$_DFF_P_
          (rising edge-triggered flip-flop clocked by core_clock)
Path Group: core_clock
Path Type: min

  Delay    Time   Description
---------------------------------------------------------
   0.00    0.00   clock core_clock (rise edge)
   0.00    0.00   clock network delay (ideal)
   0.00    0.00 ^ current_state[2]$_DFF_P_/CLK (sky130_fd_sc_hd__dfxtp_1)
   0.29    0.29 ^ current_state[2]$_DFF_P_/Q (sky130_fd_sc_hd__dfxtp_1)
   0.04    0.33 v _14_/Y (sky130_fd_sc_hd__nor2_1)
   0.06    0.40 ^ _15_/Y (sky130_fd_sc_hd__nor2_1)
   0.00    0.40 ^ current_state[2]$_DFF_P_/D (sky130_fd_sc_hd__dfxtp_1)
           0.40   data arrival time

   0.00    0.00   clock core_clock (rise edge)
   0.00    0.00   clock network delay (ideal)
   0.00    0.00   clock reconvergence pessimism
           0.00 ^ current_state[2]$_DFF_P_/CLK (sky130_fd_sc_hd__dfxtp_1)
  -0.04   -0.04   library hold time
          -0.04   data required time
---------------------------------------------------------
          -0.04   data required time
          -0.40   data arrival time
---------------------------------------------------------
           0.44   slack (MET)



==========================================================================
resizer critical path target clock latency max path
--------------------------------------------------------------------------
0.0000

==========================================================================
resizer critical path target clock latency min path
--------------------------------------------------------------------------
0.0000

==========================================================================
resizer critical path source clock latency min path
--------------------------------------------------------------------------
0.0000

==========================================================================
resizer critical path delay
--------------------------------------------------------------------------
0.7832

==========================================================================
resizer critical path slack
--------------------------------------------------------------------------
1.0903

==========================================================================
resizer slack div critical path delay
--------------------------------------------------------------------------
139.210930

==========================================================================
resizer report_power
--------------------------------------------------------------------------
Group                  Internal  Switching    Leakage      Total
                          Power      Power      Power      Power (Watts)
----------------------------------------------------------------
Sequential             8.54e-05   1.20e-06   3.29e-11   8.66e-05  91.7%
Combinational          3.88e-06   3.95e-06   1.84e-11   7.83e-06   8.3%
Clock                  0.00e+00   0.00e+00   0.00e+00   0.00e+00   0.0%
Macro                  0.00e+00   0.00e+00   0.00e+00   0.00e+00   0.0%
Pad                    0.00e+00   0.00e+00   0.00e+00   0.00e+00   0.0%
----------------------------------------------------------------
Total                  8.93e-05   5.15e-06   5.13e-11   9.45e-05 100.0%
                          94.5%       5.5%       0.0%
