
==========================================================================
global route report_tns
--------------------------------------------------------------------------
tns 0.00

==========================================================================
global route report_wns
--------------------------------------------------------------------------
wns 0.00

==========================================================================
global route report_worst_slack
--------------------------------------------------------------------------
worst slack 0.94

==========================================================================
global route report_clock_skew
--------------------------------------------------------------------------
Clock core_clock
   0.25 source latency current_state[0]$_DFF_P_/CLK ^
  -0.25 target latency current_state[1]$_DFF_P_/CLK ^
   0.00 CRPR
--------------
   0.00 setup skew


==========================================================================
global route report_checks -path_delay min
--------------------------------------------------------------------------
Startpoint: seq_in (input port clocked by core_clock)
Endpoint: current_state[3]$_DFF_P_
          (rising edge-triggered flip-flop clocked by core_clock)
Path Group: core_clock
Path Type: min

Fanout     Cap    Slew   Delay    Time   Description
-----------------------------------------------------------------------------
                          0.00    0.00   clock core_clock (rise edge)
                          0.00    0.00   clock network delay (propagated)
                          0.40    0.40 ^ input external delay
     1    0.00    0.00    0.00    0.40 ^ seq_in (in)
                                         seq_in (net)
                  0.00    0.00    0.40 ^ input2/A (sky130_fd_sc_hd__clkbuf_1)
     2    0.01    0.10    0.10    0.50 ^ input2/X (sky130_fd_sc_hd__clkbuf_1)
                                         net2 (net)
                  0.10    0.00    0.50 ^ _13_/B (sky130_fd_sc_hd__nor3b_1)
     1    0.00    0.04    0.06    0.56 v _13_/Y (sky130_fd_sc_hd__nor3b_1)
                                         _02_ (net)
                  0.04    0.00    0.56 v current_state[3]$_DFF_P_/D (sky130_fd_sc_hd__dfxtp_1)
                                  0.56   data arrival time

                          0.00    0.00   clock core_clock (rise edge)
                          0.00    0.00   clock source latency
     1    0.01    0.00    0.00    0.00 ^ clk_i (in)
                                         clk_i (net)
                  0.00    0.00    0.00 ^ clkbuf_0_clk_i/A (sky130_fd_sc_hd__clkbuf_4)
     2    0.01    0.05    0.12    0.12 ^ clkbuf_0_clk_i/X (sky130_fd_sc_hd__clkbuf_4)
                                         clknet_0_clk_i (net)
                  0.05    0.00    0.12 ^ clkbuf_1_1__f_clk_i/A (sky130_fd_sc_hd__clkbuf_4)
     2    0.01    0.04    0.13    0.25 ^ clkbuf_1_1__f_clk_i/X (sky130_fd_sc_hd__clkbuf_4)
                                         clknet_1_1__leaf_clk_i (net)
                  0.04    0.00    0.25 ^ current_state[3]$_DFF_P_/CLK (sky130_fd_sc_hd__dfxtp_1)
                          0.00    0.25   clock reconvergence pessimism
                         -0.05    0.20   library hold time
                                  0.20   data required time
-----------------------------------------------------------------------------
                                  0.20   data required time
                                 -0.56   data arrival time
-----------------------------------------------------------------------------
                                  0.36   slack (MET)



==========================================================================
global route report_checks -path_delay max
--------------------------------------------------------------------------
Startpoint: current_state[3]$_DFF_P_
            (rising edge-triggered flip-flop clocked by core_clock)
Endpoint: detect (output port clocked by core_clock)
Path Group: core_clock
Path Type: max

Fanout     Cap    Slew   Delay    Time   Description
-----------------------------------------------------------------------------
                          0.00    0.00   clock core_clock (rise edge)
                          0.00    0.00   clock source latency
     1    0.01    0.00    0.00    0.00 ^ clk_i (in)
                                         clk_i (net)
                  0.00    0.00    0.00 ^ clkbuf_0_clk_i/A (sky130_fd_sc_hd__clkbuf_4)
     2    0.01    0.05    0.12    0.12 ^ clkbuf_0_clk_i/X (sky130_fd_sc_hd__clkbuf_4)
                                         clknet_0_clk_i (net)
                  0.05    0.00    0.12 ^ clkbuf_1_1__f_clk_i/A (sky130_fd_sc_hd__clkbuf_4)
     2    0.01    0.04    0.13    0.25 ^ clkbuf_1_1__f_clk_i/X (sky130_fd_sc_hd__clkbuf_4)
                                         clknet_1_1__leaf_clk_i (net)
                  0.04    0.00    0.25 ^ current_state[3]$_DFF_P_/CLK (sky130_fd_sc_hd__dfxtp_1)
     2    0.01    0.08    0.33    0.58 ^ current_state[3]$_DFF_P_/Q (sky130_fd_sc_hd__dfxtp_1)
                                         net3 (net)
                  0.08    0.00    0.58 ^ output3/A (sky130_fd_sc_hd__clkbuf_1)
     1    0.00    0.03    0.08    0.66 ^ output3/X (sky130_fd_sc_hd__clkbuf_1)
                                         detect (net)
                  0.03    0.00    0.66 ^ detect (out)
                                  0.66   data arrival time

                          2.00    2.00   clock core_clock (rise edge)
                          0.00    2.00   clock network delay (propagated)
                          0.00    2.00   clock reconvergence pessimism
                         -0.40    1.60   output external delay
                                  1.60   data required time
-----------------------------------------------------------------------------
                                  1.60   data required time
                                 -0.66   data arrival time
-----------------------------------------------------------------------------
                                  0.94   slack (MET)



==========================================================================
global route report_checks -unconstrained
--------------------------------------------------------------------------
Startpoint: current_state[3]$_DFF_P_
            (rising edge-triggered flip-flop clocked by core_clock)
Endpoint: detect (output port clocked by core_clock)
Path Group: core_clock
Path Type: max

Fanout     Cap    Slew   Delay    Time   Description
-----------------------------------------------------------------------------
                          0.00    0.00   clock core_clock (rise edge)
                          0.00    0.00   clock source latency
     1    0.01    0.00    0.00    0.00 ^ clk_i (in)
                                         clk_i (net)
                  0.00    0.00    0.00 ^ clkbuf_0_clk_i/A (sky130_fd_sc_hd__clkbuf_4)
     2    0.01    0.05    0.12    0.12 ^ clkbuf_0_clk_i/X (sky130_fd_sc_hd__clkbuf_4)
                                         clknet_0_clk_i (net)
                  0.05    0.00    0.12 ^ clkbuf_1_1__f_clk_i/A (sky130_fd_sc_hd__clkbuf_4)
     2    0.01    0.04    0.13    0.25 ^ clkbuf_1_1__f_clk_i/X (sky130_fd_sc_hd__clkbuf_4)
                                         clknet_1_1__leaf_clk_i (net)
                  0.04    0.00    0.25 ^ current_state[3]$_DFF_P_/CLK (sky130_fd_sc_hd__dfxtp_1)
     2    0.01    0.08    0.33    0.58 ^ current_state[3]$_DFF_P_/Q (sky130_fd_sc_hd__dfxtp_1)
                                         net3 (net)
                  0.08    0.00    0.58 ^ output3/A (sky130_fd_sc_hd__clkbuf_1)
     1    0.00    0.03    0.08    0.66 ^ output3/X (sky130_fd_sc_hd__clkbuf_1)
                                         detect (net)
                  0.03    0.00    0.66 ^ detect (out)
                                  0.66   data arrival time

                          2.00    2.00   clock core_clock (rise edge)
                          0.00    2.00   clock network delay (propagated)
                          0.00    2.00   clock reconvergence pessimism
                         -0.40    1.60   output external delay
                                  1.60   data required time
-----------------------------------------------------------------------------
                                  1.60   data required time
                                 -0.66   data arrival time
-----------------------------------------------------------------------------
                                  0.94   slack (MET)



==========================================================================
global route report_check_types -max_slew -max_cap -max_fanout -violators
--------------------------------------------------------------------------

==========================================================================
global route max_slew_check_slack
--------------------------------------------------------------------------
1.311638355255127

==========================================================================
global route max_slew_check_limit
--------------------------------------------------------------------------
1.4866620302200317

==========================================================================
global route max_slew_check_slack_limit
--------------------------------------------------------------------------
0.8823

==========================================================================
global route max_fanout_check_slack
--------------------------------------------------------------------------
1.0000000150474662e+30

==========================================================================
global route max_fanout_check_limit
--------------------------------------------------------------------------
1.0000000150474662e+30

==========================================================================
global route max_capacitance_check_slack
--------------------------------------------------------------------------
0.04439479112625122

==========================================================================
global route max_capacitance_check_limit
--------------------------------------------------------------------------
0.04853300005197525

==========================================================================
global route max_capacitance_check_slack_limit
--------------------------------------------------------------------------
0.9147

==========================================================================
global route max_slew_violation_count
--------------------------------------------------------------------------
max slew violation count 0

==========================================================================
global route max_fanout_violation_count
--------------------------------------------------------------------------
max fanout violation count 0

==========================================================================
global route max_cap_violation_count
--------------------------------------------------------------------------
max cap violation count 0

==========================================================================
global route setup_violation_count
--------------------------------------------------------------------------
setup violation count 0

==========================================================================
global route hold_violation_count
--------------------------------------------------------------------------
hold violation count 0

==========================================================================
global route report_checks -path_delay max reg to reg
--------------------------------------------------------------------------
Startpoint: current_state[3]$_DFF_P_
            (rising edge-triggered flip-flop clocked by core_clock)
Endpoint: current_state[0]$_DFF_P_
          (rising edge-triggered flip-flop clocked by core_clock)
Path Group: core_clock
Path Type: max

  Delay    Time   Description
---------------------------------------------------------
   0.00    0.00   clock core_clock (rise edge)
   0.00    0.00   clock source latency
   0.00    0.00 ^ clk_i (in)
   0.12    0.12 ^ clkbuf_0_clk_i/X (sky130_fd_sc_hd__clkbuf_4)
   0.13    0.25 ^ clkbuf_1_1__f_clk_i/X (sky130_fd_sc_hd__clkbuf_4)
   0.00    0.25 ^ current_state[3]$_DFF_P_/CLK (sky130_fd_sc_hd__dfxtp_1)
   0.31    0.55 v current_state[3]$_DFF_P_/Q (sky130_fd_sc_hd__dfxtp_1)
   0.14    0.69 ^ _08_/Y (sky130_fd_sc_hd__nor2_1)
   0.12    0.81 v _11_/Y (sky130_fd_sc_hd__a21boi_0)
   0.00    0.81 v current_state[0]$_DFF_P_/D (sky130_fd_sc_hd__dfxtp_1)
           0.81   data arrival time

   2.00    2.00   clock core_clock (rise edge)
   0.00    2.00   clock source latency
   0.00    2.00 ^ clk_i (in)
   0.12    2.12 ^ clkbuf_0_clk_i/X (sky130_fd_sc_hd__clkbuf_4)
   0.13    2.25 ^ clkbuf_1_1__f_clk_i/X (sky130_fd_sc_hd__clkbuf_4)
   0.00    2.25 ^ current_state[0]$_DFF_P_/CLK (sky130_fd_sc_hd__dfxtp_1)
   0.00    2.25   clock reconvergence pessimism
  -0.13    2.12   library setup time
           2.12   data required time
---------------------------------------------------------
           2.12   data required time
          -0.81   data arrival time
---------------------------------------------------------
           1.31   slack (MET)



==========================================================================
global route report_checks -path_delay min reg to reg
--------------------------------------------------------------------------
Startpoint: current_state[2]$_DFF_P_
            (rising edge-triggered flip-flop clocked by core_clock)
Endpoint: current_state[3]$_DFF_P_
          (rising edge-triggered flip-flop clocked by core_clock)
Path Group: core_clock
Path Type: min

  Delay    Time   Description
---------------------------------------------------------
   0.00    0.00   clock core_clock (rise edge)
   0.00    0.00   clock source latency
   0.00    0.00 ^ clk_i (in)
   0.12    0.12 ^ clkbuf_0_clk_i/X (sky130_fd_sc_hd__clkbuf_4)
   0.13    0.25 ^ clkbuf_1_0__f_clk_i/X (sky130_fd_sc_hd__clkbuf_4)
   0.00    0.25 ^ current_state[2]$_DFF_P_/CLK (sky130_fd_sc_hd__dfxtp_1)
   0.30    0.55 v current_state[2]$_DFF_P_/Q (sky130_fd_sc_hd__dfxtp_1)
   0.13    0.68 v _13_/Y (sky130_fd_sc_hd__nor3b_1)
   0.00    0.68 v current_state[3]$_DFF_P_/D (sky130_fd_sc_hd__dfxtp_1)
           0.68   data arrival time

   0.00    0.00   clock core_clock (rise edge)
   0.00    0.00   clock source latency
   0.00    0.00 ^ clk_i (in)
   0.12    0.12 ^ clkbuf_0_clk_i/X (sky130_fd_sc_hd__clkbuf_4)
   0.13    0.25 ^ clkbuf_1_1__f_clk_i/X (sky130_fd_sc_hd__clkbuf_4)
   0.00    0.25 ^ current_state[3]$_DFF_P_/CLK (sky130_fd_sc_hd__dfxtp_1)
   0.00    0.25   clock reconvergence pessimism
  -0.05    0.20   library hold time
           0.20   data required time
---------------------------------------------------------
           0.20   data required time
          -0.68   data arrival time
---------------------------------------------------------
           0.48   slack (MET)



==========================================================================
global route critical path target clock latency max path
--------------------------------------------------------------------------
0.2483

==========================================================================
global route critical path target clock latency min path
--------------------------------------------------------------------------
0.2483

==========================================================================
global route critical path source clock latency min path
--------------------------------------------------------------------------
0.0000

==========================================================================
global route critical path delay
--------------------------------------------------------------------------
0.6556

==========================================================================
global route critical path slack
--------------------------------------------------------------------------
0.9444

==========================================================================
global route slack div critical path delay
--------------------------------------------------------------------------
144.051251

==========================================================================
global route report_power
--------------------------------------------------------------------------
Group                  Internal  Switching    Leakage      Total
                          Power      Power      Power      Power (Watts)
----------------------------------------------------------------
Sequential             8.41e-05   1.74e-06   3.29e-11   8.59e-05  41.6%
Combinational          3.89e-06   5.78e-06   1.84e-11   9.66e-06   4.7%
Clock                  6.78e-05   4.29e-05   1.38e-11   1.11e-04  53.7%
Macro                  0.00e+00   0.00e+00   0.00e+00   0.00e+00   0.0%
Pad                    0.00e+00   0.00e+00   0.00e+00   0.00e+00   0.0%
----------------------------------------------------------------
Total                  1.56e-04   5.05e-05   6.51e-11   2.06e-04 100.0%
                          75.5%      24.5%       0.0%
