
==========================================================================
global place report_tns
--------------------------------------------------------------------------
tns 0.00

==========================================================================
global place report_wns
--------------------------------------------------------------------------
wns 0.00

==========================================================================
global place report_worst_slack
--------------------------------------------------------------------------
worst slack 1.21

==========================================================================
global place report_checks -path_delay min
--------------------------------------------------------------------------
Startpoint: current_state[2]$_DFF_P_
            (rising edge-triggered flip-flop clocked by core_clock)
Endpoint: current_state[2]$_DFF_P_
          (rising edge-triggered flip-flop clocked by core_clock)
Path Group: core_clock
Path Type: min

Fanout     Cap    Slew   Delay    Time   Description
-----------------------------------------------------------------------------
                  0.00    0.00    0.00   clock core_clock (rise edge)
                          0.00    0.00   clock network delay (ideal)
                  0.00    0.00    0.00 ^ current_state[2]$_DFF_P_/CLK (sky130_fd_sc_hd__dfxtp_1)
     2    0.00    0.06    0.29    0.29 ^ current_state[2]$_DFF_P_/Q (sky130_fd_sc_hd__dfxtp_1)
                                         current_state[2] (net)
                  0.06    0.00    0.29 ^ _14_/B (sky130_fd_sc_hd__nor2_1)
     1    0.00    0.02    0.04    0.33 v _14_/Y (sky130_fd_sc_hd__nor2_1)
                                         _07_ (net)
                  0.02    0.00    0.33 v _15_/B (sky130_fd_sc_hd__nor2_1)
     1    0.00    0.06    0.06    0.40 ^ _15_/Y (sky130_fd_sc_hd__nor2_1)
                                         _01_ (net)
                  0.06    0.00    0.40 ^ current_state[2]$_DFF_P_/D (sky130_fd_sc_hd__dfxtp_1)
                                  0.40   data arrival time

                  0.00    0.00    0.00   clock core_clock (rise edge)
                          0.00    0.00   clock network delay (ideal)
                          0.00    0.00   clock reconvergence pessimism
                                  0.00 ^ current_state[2]$_DFF_P_/CLK (sky130_fd_sc_hd__dfxtp_1)
                         -0.04   -0.04   library hold time
                                 -0.04   data required time
-----------------------------------------------------------------------------
                                 -0.04   data required time
                                 -0.40   data arrival time
-----------------------------------------------------------------------------
                                  0.44   slack (MET)



==========================================================================
global place report_checks -path_delay max
--------------------------------------------------------------------------
Startpoint: reset_i (input port clocked by core_clock)
Endpoint: current_state[0]$_DFF_P_
          (rising edge-triggered flip-flop clocked by core_clock)
Path Group: core_clock
Path Type: max

Fanout     Cap    Slew   Delay    Time   Description
-----------------------------------------------------------------------------
                  0.00    0.00    0.00   clock core_clock (rise edge)
                          0.00    0.00   clock network delay (ideal)
                          0.40    0.40 v input external delay
     3    0.01    0.00    0.00    0.40 v reset_i (in)
                                         reset_i (net)
                  0.00    0.00    0.40 v _10_/A_N (sky130_fd_sc_hd__nand2b_1)
     3    0.01    0.07    0.14    0.54 v _10_/Y (sky130_fd_sc_hd__nand2b_1)
                                         _06_ (net)
                  0.07    0.00    0.54 v _11_/B1_N (sky130_fd_sc_hd__a21boi_0)
     1    0.00    0.06    0.12    0.66 v _11_/Y (sky130_fd_sc_hd__a21boi_0)
                                         _03_ (net)
                  0.06    0.00    0.66 v current_state[0]$_DFF_P_/D (sky130_fd_sc_hd__dfxtp_1)
                                  0.66   data arrival time

                  0.00    2.00    2.00   clock core_clock (rise edge)
                          0.00    2.00   clock network delay (ideal)
                          0.00    2.00   clock reconvergence pessimism
                                  2.00 ^ current_state[0]$_DFF_P_/CLK (sky130_fd_sc_hd__dfxtp_1)
                         -0.13    1.87   library setup time
                                  1.87   data required time
-----------------------------------------------------------------------------
                                  1.87   data required time
                                 -0.66   data arrival time
-----------------------------------------------------------------------------
                                  1.21   slack (MET)



==========================================================================
global place report_checks -unconstrained
--------------------------------------------------------------------------
Startpoint: reset_i (input port clocked by core_clock)
Endpoint: current_state[0]$_DFF_P_
          (rising edge-triggered flip-flop clocked by core_clock)
Path Group: core_clock
Path Type: max

Fanout     Cap    Slew   Delay    Time   Description
-----------------------------------------------------------------------------
                  0.00    0.00    0.00   clock core_clock (rise edge)
                          0.00    0.00   clock network delay (ideal)
                          0.40    0.40 v input external delay
     3    0.01    0.00    0.00    0.40 v reset_i (in)
                                         reset_i (net)
                  0.00    0.00    0.40 v _10_/A_N (sky130_fd_sc_hd__nand2b_1)
     3    0.01    0.07    0.14    0.54 v _10_/Y (sky130_fd_sc_hd__nand2b_1)
                                         _06_ (net)
                  0.07    0.00    0.54 v _11_/B1_N (sky130_fd_sc_hd__a21boi_0)
     1    0.00    0.06    0.12    0.66 v _11_/Y (sky130_fd_sc_hd__a21boi_0)
                                         _03_ (net)
                  0.06    0.00    0.66 v current_state[0]$_DFF_P_/D (sky130_fd_sc_hd__dfxtp_1)
                                  0.66   data arrival time

                  0.00    2.00    2.00   clock core_clock (rise edge)
                          0.00    2.00   clock network delay (ideal)
                          0.00    2.00   clock reconvergence pessimism
                                  2.00 ^ current_state[0]$_DFF_P_/CLK (sky130_fd_sc_hd__dfxtp_1)
                         -0.13    1.87   library setup time
                                  1.87   data required time
-----------------------------------------------------------------------------
                                  1.87   data required time
                                 -0.66   data arrival time
-----------------------------------------------------------------------------
                                  1.21   slack (MET)



==========================================================================
global place report_power
--------------------------------------------------------------------------
Group                  Internal  Switching    Leakage      Total
                          Power      Power      Power      Power (Watts)
----------------------------------------------------------------
Sequential             8.54e-05   1.16e-06   3.29e-11   8.66e-05  94.1%
Combinational          3.00e-06   2.47e-06   1.48e-11   5.47e-06   5.9%
Clock                  0.00e+00   0.00e+00   0.00e+00   0.00e+00   0.0%
Macro                  0.00e+00   0.00e+00   0.00e+00   0.00e+00   0.0%
Pad                    0.00e+00   0.00e+00   0.00e+00   0.00e+00   0.0%
----------------------------------------------------------------
Total                  8.84e-05   3.63e-06   4.77e-11   9.21e-05 100.0%
                          96.1%       3.9%       0.0%
